<?xml version="1.0" encoding="UTF-8"?>
<!-- Generated by org.testng.reporters.JUnitReportReporter -->
<testsuite name="base.LoginPage" tests="1" time="32.673" ignored="0" failures="0" timestamp="28 Jan 2022 04:35:49 GMT" skipped="0" hostname="user-PC" errors="0">
  <testcase name="testToClickForgottenPassword" time="32.673" classname="base.LoginPage"/>
</testsuite> <!-- base.LoginPage -->
